<?xml version="1.0" encoding="UTF-8"?>
<!-- Generated by org.testng.reporters.JUnitXMLReporter -->
<testsuite hostname="Win7Prof-PC" ignored="0" tests="4" failures="0" timestamp="06 Oct 2017 02:47:18 GMT" time="0.03" errors="0">
  <testcase name="when2NumbersAreUsed" time="0.009" classname="StringCalculatorTest"/>
  <testcase name="whenEmptyStringIsUsed" time="0.0" classname="StringCalculatorTest"/>
  <testcase name="whenMoreThan2NumbersAreUsed" time="0.0" classname="StringCalculatorTest"/>
  <testcase name="whenNonNumberIsUsed" time="0.0" classname="StringCalculatorTest"/>
</testsuite>
