<?xml version="1.0" encoding="UTF-8" ?>
<testsuite tests="4" failures="0" name="StringCalculatorTest" time="0.011" errors="0" skipped="0">
  <properties>
[...]
</properties>
  <testcase classname="StringCalculatorTest" name="when2NumbersAreUsed" time="0.011"/>
  <testcase classname="StringCalculatorTest" name="whenEmptyStringIsUsed" time="0"/>
  <testcase classname="StringCalculatorTest" name="whenMoreThan2NumbersAreUsed" time="0"/>
  <testcase classname="StringCalculatorTest" name="whenNonNumberIsUsed" time="0"/>
</testsuite>